1630 SEND 0 2 00010000020002020003558811ff7f0000be40400000000000
1632 ENQUEUE 0 2 00010000020002020003558811ff7f0000be40400000000000
1635 ENQUEUE 0 2 00010000020002020103558811ff7f0000be40400000000000
1907 TRANSMIT 0 1 00010000020001020003558811ff7f0000be40400000000000
1936 ACK_SUCCESS 0 1 00010000020001020003558811ff7f0000be40400000000000
1948 RECEIVE 1 2 00010000020001020003558811ff7f0000be40400000000000
1950 ENQUEUE 1 2 00010000020001020003558811ff7f0000be40400000000000
2302 TRANSMIT 1 2 00010000020102020003558811ff7f0000be40400000000000
2306 TRANSMIT 0 1 00010000020001020103558811ff7f0000be40400000000000
2309 RECEIVE 2 2 00010000020102020003558811ff7f0000be40400000000000
2322 ACK_SUCCESS 1 2 00010000020102020003558811ff7f0000be40400000000000
2335 ACK_SUCCESS 0 1 00010000020001020103558811ff7f0000be40400000000000
2385 RECEIVE 1 2 00010000020001020103558811ff7f0000be40400000000000
2387 ENQUEUE 1 2 00010000020001020103558811ff7f0000be40400000000000
2702 TRANSMIT 1 2 00010000020102020103558811ff7f0000be40400000000000
2710 RECEIVE 2 2 00010000020102020103558811ff7f0000be40400000000000
2726 ACK_SUCCESS 1 2 00010000020102020103558811ff7f0000be40400000000000
3101 SEND 1 2 02000001000100030002abcd00cc2eeebe744001008c340100
3103 ENQUEUE 1 2 02000001000100030002abcd00cc2eeebe744001008c340100
3106 ENQUEUE 1 2 02000001000100030102abcd00cc2eeebe744001008c340100
3109 ENQUEUE 1 2 02000001000100030202abcd00cc2eeebe744001008c340100
3229 SEND 0 2 00010000020002020003558811ff7f0000be40400000000000
3231 ENQUEUE 0 2 00010000020002020003558811ff7f0000be40400000000000
3234 ENQUEUE 0 2 00010000020002020103558811ff7f0000be40400000000000
3489 RECEIVE 0 0 02000001000100030002abcd00cc2eeebe744001008c340100
3502 TRANSMIT 1 2 02000001000100030002abcd00cc2eeebe744001008c340100
3506 TRANSMIT 0 1 00010000020001020003558811ff7f0000be40400000000000
3522 ACK_SUCCESS 1 2 02000001000100030002abcd00cc2eeebe744001008c340100
3536 ACK_SUCCESS 0 1 00010000020001020003558811ff7f0000be40400000000000
3587 RECEIVE 1 2 00010000020001020003558811ff7f0000be40400000000000
3589 ENQUEUE 1 2 00010000020001020003558811ff7f0000be40400000000000
3902 TRANSMIT 1 2 00010000020102020003558811ff7f0000be40400000000000
3906 TRANSMIT 0 1 00010000020001020103558811ff7f0000be40400000000000
3911 RECEIVE 2 2 00010000020102020003558811ff7f0000be40400000000000
3927 ACK_SUCCESS 1 2 00010000020102020003558811ff7f0000be40400000000000
3936 ACK_SUCCESS 0 1 00010000020001020103558811ff7f0000be40400000000000
3976 RECEIVE 1 2 00010000020001020103558811ff7f0000be40400000000000
3978 ENQUEUE 1 2 00010000020001020103558811ff7f0000be40400000000000
4302 TRANSMIT 1 2 00010000020102020103558811ff7f0000be40400000000000
4312 RECEIVE 2 2 00010000020102020103558811ff7f0000be40400000000000
4317 ACK_SUCCESS 1 2 00010000020102020103558811ff7f0000be40400000000000
4702 TRANSMIT 1 2 02000001000100030102abcd00cc2eeebe744001008c340100
4717 ACK_SUCCESS 1 2 02000001000100030102abcd00cc2eeebe744001008c340100
4719 RECEIVE 0 1 02000001000100030102abcd00cc2eeebe744001008c340100
4829 SEND 0 2 00010000020002020003558811ff7f0000be40400000000000
4831 ENQUEUE 0 2 00010000020002020003558811ff7f0000be40400000000000
4834 ENQUEUE 0 2 00010000020002020103558811ff7f0000be40400000000000
5088 RECEIVE 0 0 02000001000100030202abcd00cc2eeebe744001008c340100
5102 TRANSMIT 1 2 02000001000100030202abcd00cc2eeebe744001008c340100
5106 TRANSMIT 0 1 00010000020001020003558811ff7f0000be40400000000000
5118 ACK_SUCCESS 1 2 02000001000100030202abcd00cc2eeebe744001008c340100
5135 ACK_SUCCESS 0 1 00010000020001020003558811ff7f0000be40400000000000
5167 RECEIVE 1 2 00010000020001020003558811ff7f0000be40400000000000
5169 ENQUEUE 1 2 00010000020001020003558811ff7f0000be40400000000000
5502 TRANSMIT 1 2 00010000020102020003558811ff7f0000be40400000000000
5506 TRANSMIT 0 1 00010000020001020103558811ff7f0000be40400000000000
5513 RECEIVE 2 2 00010000020102020003558811ff7f0000be40400000000000
5524 ACK_SUCCESS 1 2 00010000020102020003558811ff7f0000be40400000000000
5535 ACK_SUCCESS 0 1 00010000020001020103558811ff7f0000be40400000000000
5573 RECEIVE 1 2 00010000020001020103558811ff7f0000be40400000000000
5575 ENQUEUE 1 2 00010000020001020103558811ff7f0000be40400000000000
5902 TRANSMIT 1 2 00010000020102020103558811ff7f0000be40400000000000
5915 RECEIVE 2 2 00010000020102020103558811ff7f0000be40400000000000
5929 ACK_SUCCESS 1 2 00010000020102020103558811ff7f0000be40400000000000
6301 SEND 1 2 02000001000100030002abcd00cc2eeebe744001008c340100
6303 ENQUEUE 1 2 02000001000100030002abcd00cc2eeebe744001008c340100
6306 ENQUEUE 1 2 02000001000100030102abcd00cc2eeebe744001008c340100
6309 ENQUEUE 1 2 02000001000100030202abcd00cc2eeebe744001008c340100
6429 SEND 0 2 00010000020002020003558811ff7f0000be40400000000000
6431 ENQUEUE 0 2 00010000020002020003558811ff7f0000be40400000000000
6434 ENQUEUE 0 2 00010000020002020103558811ff7f0000be40400000000000
6689 RECEIVE 0 0 02000001000100030002abcd00cc2eeebe744001008c340100
6702 TRANSMIT 1 2 02000001000100030002abcd00cc2eeebe744001008c340100
6706 TRANSMIT 0 1 00010000020001020003558811ff7f0000be40400000000000
6724 ACK_SUCCESS 1 2 02000001000100030002abcd00cc2eeebe744001008c340100
6736 ACK_SUCCESS 0 1 00010000020001020003558811ff7f0000be40400000000000
6804 RECEIVE 1 3 00010000020001020003558811ff7f0000be40400000000000
6806 ENQUEUE 1 3 00010000020001020003558811ff7f0000be40400000000000
7102 TRANSMIT 1 2 00010000020102020003558811ff7f0000be40400000000000
7106 TRANSMIT 0 1 00010000020001020103558811ff7f0000be40400000000000
7115 RECEIVE 2 2 00010000020102020003558811ff7f0000be40400000000000
7120 ACK_SUCCESS 0 1 00010000020001020103558811ff7f0000be40400000000000
7130 ACK_SUCCESS 1 2 00010000020102020003558811ff7f0000be40400000000000
7162 RECEIVE 1 2 00010000020001020103558811ff7f0000be40400000000000
7164 ENQUEUE 1 2 00010000020001020103558811ff7f0000be40400000000000
7502 TRANSMIT 1 2 00010000020102020103558811ff7f0000be40400000000000
7516 RECEIVE 2 2 00010000020102020103558811ff7f0000be40400000000000
7518 ACK_SUCCESS 1 2 00010000020102020103558811ff7f0000be40400000000000
7902 TRANSMIT 1 2 02000001000100030102abcd00cc2eeebe744001008c340100
7904 RECEIVE 0 0 02000001000100030102abcd00cc2eeebe744001008c340100
7919 ACK_SUCCESS 1 2 02000001000100030102abcd00cc2eeebe744001008c340100
8029 SEND 0 2 00010000020002020003558811ff7f0000be40400000000000
8031 ENQUEUE 0 2 00010000020002020003558811ff7f0000be40400000000000
8034 ENQUEUE 0 2 00010000020002020103558811ff7f0000be40400000000000
8273 RECEIVE 0 0 02000001000100030202abcd00cc2eeebe744001008c340100
8302 TRANSMIT 1 2 02000001000100030202abcd00cc2eeebe744001008c340100
8306 TRANSMIT 0 1 00010000020001020003558811ff7f0000be40400000000000
8321 ACK_SUCCESS 1 2 02000001000100030202abcd00cc2eeebe744001008c340100
8336 ACK_SUCCESS 0 1 00010000020001020003558811ff7f0000be40400000000000
8386 RECEIVE 1 2 00010000020001020003558811ff7f0000be40400000000000
8388 ENQUEUE 1 2 00010000020001020003558811ff7f0000be40400000000000
8702 TRANSMIT 1 2 00010000020102020003558811ff7f0000be40400000000000
8706 TRANSMIT 0 1 00010000020001020103558811ff7f0000be40400000000000
8716 RECEIVE 2 2 00010000020102020003558811ff7f0000be40400000000000
8724 ACK_SUCCESS 1 2 00010000020102020003558811ff7f0000be40400000000000
8735 ACK_SUCCESS 0 1 00010000020001020103558811ff7f0000be40400000000000
8773 RECEIVE 1 2 00010000020001020103558811ff7f0000be40400000000000
8775 ENQUEUE 1 2 00010000020001020103558811ff7f0000be40400000000000
9102 TRANSMIT 1 2 00010000020102020103558811ff7f0000be40400000000000
9118 RECEIVE 2 2 00010000020102020103558811ff7f0000be40400000000000
9130 ACK_SUCCESS 1 2 00010000020102020103558811ff7f0000be40400000000000
9501 SEND 1 2 02000001000100030002abcd00cc2eeebe744001008c340100
9503 ENQUEUE 1 2 02000001000100030002abcd00cc2eeebe744001008c340100
9506 ENQUEUE 1 2 02000001000100030102abcd00cc2eeebe744001008c340100
9509 ENQUEUE 1 2 02000001000100030202abcd00cc2eeebe744001008c340100
9630 SEND 0 2 00010000020002020003558811ff7f0000be40400000000000
9632 ENQUEUE 0 2 00010000020002020003558811ff7f0000be40400000000000
9635 ENQUEUE 0 2 00010000020002020103558811ff7f0000be40400000000000
9902 TRANSMIT 1 2 02000001000100030002abcd00cc2eeebe744001008c340100
9905 RECEIVE 0 0 02000001000100030002abcd00cc2eeebe744001008c340100
9908 TRANSMIT 0 1 00010000020001020003558811ff7f0000be40400000000000
9926 ACK_SUCCESS 1 2 02000001000100030002abcd00cc2eeebe744001008c340100
9936 ACK_SUCCESS 0 1 00010000020001020003558811ff7f0000be40400000000000
9958 RECEIVE 1 2 00010000020001020003558811ff7f0000be40400000000000
9960 ENQUEUE 1 2 00010000020001020003558811ff7f0000be40400000000000
10302 TRANSMIT 1 2 00010000020102020003558811ff7f0000be40400000000000
10307 TRANSMIT 0 1 00010000020001020103558811ff7f0000be40400000000000
10315 ACK_SUCCESS 1 2 00010000020102020003558811ff7f0000be40400000000000
10320 RECEIVE 2 2 00010000020102020003558811ff7f0000be40400000000000
10336 ACK_SUCCESS 0 1 00010000020001020103558811ff7f0000be40400000000000
10348 RECEIVE 1 2 00010000020001020103558811ff7f0000be40400000000000
10350 ENQUEUE 1 2 00010000020001020103558811ff7f0000be40400000000000
10702 TRANSMIT 1 2 00010000020102020103558811ff7f0000be40400000000000
10719 ACK_SUCCESS 1 2 00010000020102020103558811ff7f0000be40400000000000
10720 RECEIVE 2 2 00010000020102020103558811ff7f0000be40400000000000
11088 RECEIVE 0 0 02000001000100030102abcd00cc2eeebe744001008c340100
11102 TRANSMIT 1 2 02000001000100030102abcd00cc2eeebe744001008c340100
11117 ACK_SUCCESS 1 2 02000001000100030102abcd00cc2eeebe744001008c340100
11229 SEND 0 2 00010000020002020003558811ff7f0000be40400000000000
11231 ENQUEUE 0 2 00010000020002020003558811ff7f0000be40400000000000
11234 ENQUEUE 0 2 00010000020002020103558811ff7f0000be40400000000000
11473 RECEIVE 0 0 02000001000100030202abcd00cc2eeebe744001008c340100
11502 TRANSMIT 1 2 02000001000100030202abcd00cc2eeebe744001008c340100
11506 TRANSMIT 0 1 00010000020001020003558811ff7f0000be40400000000000
11520 ACK_SUCCESS 1 2 02000001000100030202abcd00cc2eeebe744001008c340100
11535 ACK_SUCCESS 0 1 00010000020001020003558811ff7f0000be40400000000000
11585 RECEIVE 1 2 00010000020001020003558811ff7f0000be40400000000000
11587 ENQUEUE 1 2 00010000020001020003558811ff7f0000be40400000000000
11902 TRANSMIT 1 2 00010000020102020003558811ff7f0000be40400000000000
11905 RECEIVE 2 2 00010000020102020003558811ff7f0000be40400000000000
11907 TRANSMIT 0 1 00010000020001020103558811ff7f0000be40400000000000
11924 ACK_SUCCESS 1 2 00010000020102020003558811ff7f0000be40400000000000
11936 ACK_SUCCESS 0 1 00010000020001020103558811ff7f0000be40400000000000
11989 RECEIVE 1 2 00010000020001020103558811ff7f0000be40400000000000
11991 ENQUEUE 1 2 00010000020001020103558811ff7f0000be40400000000000
12302 TRANSMIT 1 2 00010000020102020103558811ff7f0000be40400000000000
12322 RECEIVE 2 2 00010000020102020103558811ff7f0000be40400000000000
12328 ACK_SUCCESS 1 2 00010000020102020103558811ff7f0000be40400000000000
12701 SEND 1 2 02000001000100030002abcd00cc2eeebe744001008c340100
12703 ENQUEUE 1 2 02000001000100030002abcd00cc2eeebe744001008c340100
12706 ENQUEUE 1 2 02000001000100030102abcd00cc2eeebe744001008c340100
12709 ENQUEUE 1 2 02000001000100030202abcd00cc2eeebe744001008c340100
12829 SEND 0 2 00010000020002020003558811ff7f0000be40400000000000
12831 ENQUEUE 0 2 00010000020002020003558811ff7f0000be40400000000000
12834 ENQUEUE 0 2 00010000020002020103558811ff7f0000be40400000000000
13102 TRANSMIT 1 2 02000001000100030002abcd00cc2eeebe744001008c340100
13105 RECEIVE 0 0 02000001000100030002abcd00cc2eeebe744001008c340100
13108 TRANSMIT 0 1 00010000020001020003558811ff7f0000be40400000000000
13122 ACK_SUCCESS 1 2 02000001000100030002abcd00cc2eeebe744001008c340100
13136 ACK_SUCCESS 0 1 00010000020001020003558811ff7f0000be40400000000000
13143 RECEIVE 1 2 00010000020001020003558811ff7f0000be40400000000000
13145 ENQUEUE 1 2 00010000020001020003558811ff7f0000be40400000000000
13502 TRANSMIT 1 2 00010000020102020003558811ff7f0000be40400000000000
13506 TRANSMIT 0 1 00010000020001020103558811ff7f0000be40400000000000
13522 RECEIVE 2 2 00010000020102020003558811ff7f0000be40400000000000
13530 ACK_SUCCESS 1 2 00010000020102020003558811ff7f0000be40400000000000
13536 ACK_SUCCESS 0 1 00010000020001020103558811ff7f0000be40400000000000
13577 RECEIVE 1 2 00010000020001020103558811ff7f0000be40400000000000
13579 ENQUEUE 1 2 00010000020001020103558811ff7f0000be40400000000000
13902 TRANSMIT 1 2 00010000020102020103558811ff7f0000be40400000000000
13924 RECEIVE 2 2 00010000020102020103558811ff7f0000be40400000000000
13930 ACK_SUCCESS 1 2 00010000020102020103558811ff7f0000be40400000000000
14289 RECEIVE 0 0 02000001000100030102abcd00cc2eeebe744001008c340100
14302 TRANSMIT 1 2 02000001000100030102abcd00cc2eeebe744001008c340100
14327 ACK_SUCCESS 1 2 02000001000100030102abcd00cc2eeebe744001008c340100
14429 SEND 0 2 00010000020002020003558811ff7f0000be40400000000000
14431 ENQUEUE 0 2 00010000020002020003558811ff7f0000be40400000000000
14434 ENQUEUE 0 2 00010000020002020103558811ff7f0000be40400000000000
14689 RECEIVE 0 0 02000001000100030202abcd00cc2eeebe744001008c340100
14702 TRANSMIT 1 2 02000001000100030202abcd00cc2eeebe744001008c340100
14706 TRANSMIT 0 1 00010000020001020003558811ff7f0000be40400000000000
14730 ACK_SUCCESS 1 2 02000001000100030202abcd00cc2eeebe744001008c340100
14735 ACK_SUCCESS 0 1 00010000020001020003558811ff7f0000be40400000000000
14795 RECEIVE 1 2 00010000020001020003558811ff7f0000be40400000000000
14797 ENQUEUE 1 2 00010000020001020003558811ff7f0000be40400000000000
15102 TRANSMIT 1 2 00010000020102020003558811ff7f0000be40400000000000
15107 TRANSMIT 0 1 00010000020001020103558811ff7f0000be40400000000000
15119 ACK_SUCCESS 1 2 00010000020102020003558811ff7f0000be40400000000000
15120 ACK_SUCCESS 0 1 00010000020001020103558811ff7f0000be40400000000000
15125 RECEIVE 2 2 00010000020102020003558811ff7f0000be40400000000000
15168 RECEIVE 1 2 00010000020001020103558811ff7f0000be40400000000000
15170 ENQUEUE 1 2 00010000020001020103558811ff7f0000be40400000000000
15502 TRANSMIT 1 2 00010000020102020103558811ff7f0000be40400000000000
15510 RECEIVE 2 2 00010000020102020103558811ff7f0000be40400000000000
15525 ACK_SUCCESS 1 2 00010000020102020103558811ff7f0000be40400000000000
15901 SEND 1 2 02000001000100030002abcd00cc2eeebe744001008c340100
15903 ENQUEUE 1 2 02000001000100030002abcd00cc2eeebe744001008c340100
15906 ENQUEUE 1 2 02000001000100030102abcd00cc2eeebe744001008c340100
15909 ENQUEUE 1 2 02000001000100030202abcd00cc2eeebe744001008c340100
16030 SEND 0 2 00010000020002020003558811ff7f0000be40400000000000
16032 ENQUEUE 0 2 00010000020002020003558811ff7f0000be40400000000000
16035 ENQUEUE 0 2 00010000020002020103558811ff7f0000be40400000000000
16289 RECEIVE 0 0 02000001000100030002abcd00cc2eeebe744001008c340100
16302 TRANSMIT 1 2 02000001000100030002abcd00cc2eeebe744001008c340100
16307 TRANSMIT 0 1 00010000020001020003558811ff7f0000be40400000000000
16318 ACK_SUCCESS 1 2 02000001000100030002abcd00cc2eeebe744001008c340100
16336 ACK_SUCCESS 0 1 00010000020001020003558811ff7f0000be40400000000000
16366 RECEIVE 1 2 00010000020001020003558811ff7f0000be40400000000000
16368 ENQUEUE 1 2 00010000020001020003558811ff7f0000be40400000000000
16702 TRANSMIT 1 2 00010000020102020003558811ff7f0000be40400000000000
16707 TRANSMIT 0 1 00010000020001020103558811ff7f0000be40400000000000
16711 RECEIVE 2 2 00010000020102020003558811ff7f0000be40400000000000
16724 ACK_SUCCESS 1 2 00010000020102020003558811ff7f0000be40400000000000
16736 ACK_SUCCESS 0 1 00010000020001020103558811ff7f0000be40400000000000
16820 RECEIVE 1 3 00010000020001020103558811ff7f0000be40400000000000
16822 ENQUEUE 1 3 00010000020001020103558811ff7f0000be40400000000000
17102 TRANSMIT 1 2 00010000020102020103558811ff7f0000be40400000000000
17128 ACK_SUCCESS 1 2 00010000020102020103558811ff7f0000be40400000000000
17128 RECEIVE 2 2 00010000020102020103558811ff7f0000be40400000000000
17502 TRANSMIT 1 2 02000001000100030102abcd00cc2eeebe744001008c340100
17504 RECEIVE 0 0 02000001000100030102abcd00cc2eeebe744001008c340100
17529 ACK_SUCCESS 1 2 02000001000100030102abcd00cc2eeebe744001008c340100
17629 SEND 0 2 00010000020002020003558811ff7f0000be40400000000000
17631 ENQUEUE 0 2 00010000020002020003558811ff7f0000be40400000000000
17634 ENQUEUE 0 2 00010000020002020103558811ff7f0000be40400000000000
17888 RECEIVE 0 0 02000001000100030202abcd00cc2eeebe744001008c340100
17902 TRANSMIT 1 2 02000001000100030202abcd00cc2eeebe744001008c340100
17906 TRANSMIT 0 1 00010000020001020003558811ff7f0000be40400000000000
17915 ACK_SUCCESS 1 2 02000001000100030202abcd00cc2eeebe744001008c340100
17919 ACK_SUCCESS 0 1 00010000020001020003558811ff7f0000be40400000000000
17963 RECEIVE 1 2 00010000020001020003558811ff7f0000be40400000000000
17965 ENQUEUE 1 2 00010000020001020003558811ff7f0000be40400000000000
18302 TRANSMIT 1 2 00010000020102020003558811ff7f0000be40400000000000
18306 TRANSMIT 0 1 00010000020001020103558811ff7f0000be40400000000000
18317 ACK_SUCCESS 1 2 00010000020102020003558811ff7f0000be40400000000000
18329 RECEIVE 2 2 00010000020102020003558811ff7f0000be40400000000000
18336 ACK_SUCCESS 0 1 00010000020001020103558811ff7f0000be40400000000000
18381 RECEIVE 1 2 00010000020001020103558811ff7f0000be40400000000000
18383 ENQUEUE 1 2 00010000020001020103558811ff7f0000be40400000000000
18702 TRANSMIT 1 2 00010000020102020103558811ff7f0000be40400000000000
18719 ACK_SUCCESS 1 2 00010000020102020103558811ff7f0000be40400000000000
18730 RECEIVE 2 2 00010000020102020103558811ff7f0000be40400000000000
19101 SEND 1 2 02000001000100030002abcd00cc2eeebe744001008c340100
19103 ENQUEUE 1 2 02000001000100030002abcd00cc2eeebe744001008c340100
19106 ENQUEUE 1 2 02000001000100030102abcd00cc2eeebe744001008c340100
19109 ENQUEUE 1 2 02000001000100030202abcd00cc2eeebe744001008c340100
19229 SEND 0 2 00010000020002020003558811ff7f0000be40400000000000
19231 ENQUEUE 0 2 00010000020002020003558811ff7f0000be40400000000000
19234 ENQUEUE 0 2 00010000020002020103558811ff7f0000be40400000000000
19488 RECEIVE 0 0 02000001000100030002abcd00cc2eeebe744001008c340100
19502 TRANSMIT 1 2 02000001000100030002abcd00cc2eeebe744001008c340100
19506 TRANSMIT 0 1 00010000020001020003558811ff7f0000be40400000000000
19527 ACK_SUCCESS 1 2 02000001000100030002abcd00cc2eeebe744001008c340100
19535 ACK_SUCCESS 0 1 00010000020001020003558811ff7f0000be40400000000000
19592 RECEIVE 1 2 00010000020001020003558811ff7f0000be40400000000000
19594 ENQUEUE 1 2 00010000020001020003558811ff7f0000be40400000000000
19902 TRANSMIT 1 2 00010000020102020003558811ff7f0000be40400000000000
19906 TRANSMIT 0 1 00010000020001020103558811ff7f0000be40400000000000
19917 ACK_SUCCESS 1 2 00010000020102020003558811ff7f0000be40400000000000
19920 ACK_SUCCESS 0 1 00010000020001020103558811ff7f0000be40400000000000
19932 RECEIVE 2 2 00010000020102020003558811ff7f0000be40400000000000
19981 RECEIVE 1 2 00010000020001020103558811ff7f0000be40400000000000
19983 ENQUEUE 1 2 00010000020001020103558811ff7f0000be40400000000000
20302 TRANSMIT 1 2 00010000020102020103558811ff7f0000be40400000000000
20321 ACK_SUCCESS 1 2 00010000020102020103558811ff7f0000be40400000000000
20332 RECEIVE 2 2 00010000020102020103558811ff7f0000be40400000000000
20673 RECEIVE 0 0 02000001000100030102abcd00cc2eeebe744001008c340100
20702 TRANSMIT 1 2 02000001000100030102abcd00cc2eeebe744001008c340100
20717 ACK_SUCCESS 1 2 02000001000100030102abcd00cc2eeebe744001008c340100
20829 SEND 0 2 00010000020002020003558811ff7f0000be40400000000000
20831 ENQUEUE 0 2 00010000020002020003558811ff7f0000be40400000000000
20834 ENQUEUE 0 2 00010000020002020103558811ff7f0000be40400000000000
21102 TRANSMIT 1 2 02000001000100030202abcd00cc2eeebe744001008c340100
21104 RECEIVE 0 0 02000001000100030202abcd00cc2eeebe744001008c340100
21107 TRANSMIT 0 1 00010000020001020003558811ff7f0000be40400000000000
21120 ACK_SUCCESS 1 2 02000001000100030202abcd00cc2eeebe744001008c340100
21135 ACK_SUCCESS 0 1 00010000020001020003558811ff7f0000be40400000000000
21152 RECEIVE 1 2 00010000020001020003558811ff7f0000be40400000000000
21154 ENQUEUE 1 2 00010000020001020003558811ff7f0000be40400000000000
21502 TRANSMIT 1 2 00010000020102020003558811ff7f0000be40400000000000
21506 TRANSMIT 0 1 00010000020001020103558811ff7f0000be40400000000000
21521 ACK_SUCCESS 1 2 00010000020102020003558811ff7f0000be40400000000000
21531 RECEIVE 2 2 00010000020102020003558811ff7f0000be40400000000000
21536 ACK_SUCCESS 0 1 00010000020001020103558811ff7f0000be40400000000000
21553 RECEIVE 1 2 00010000020001020103558811ff7f0000be40400000000000
21555 ENQUEUE 1 2 00010000020001020103558811ff7f0000be40400000000000
21902 TRANSMIT 1 2 00010000020102020103558811ff7f0000be40400000000000
21923 ACK_SUCCESS 1 2 00010000020102020103558811ff7f0000be40400000000000
21934 RECEIVE 2 2 00010000020102020103558811ff7f0000be40400000000000
22301 SEND 1 2 02000001000100030002abcd00cc2eeebe744001008c340100
22303 ENQUEUE 1 2 02000001000100030002abcd00cc2eeebe744001008c340100
22306 ENQUEUE 1 2 02000001000100030102abcd00cc2eeebe744001008c340100
22309 ENQUEUE 1 2 02000001000100030202abcd00cc2eeebe744001008c340100
22429 SEND 0 2 00010000020002020003558811ff7f0000be40400000000000
22431 ENQUEUE 0 2 00010000020002020003558811ff7f0000be40400000000000
22434 ENQUEUE 0 2 00010000020002020103558811ff7f0000be40400000000000
22689 RECEIVE 0 0 02000001000100030002abcd00cc2eeebe744001008c340100
22702 TRANSMIT 1 2 02000001000100030002abcd00cc2eeebe744001008c340100
22706 TRANSMIT 0 1 00010000020001020003558811ff7f0000be40400000000000
22714 ACK_SUCCESS 1 2 02000001000100030002abcd00cc2eeebe744001008c340100
22720 ACK_SUCCESS 0 1 00010000020001020003558811ff7f0000be40400000000000
22779 RECEIVE 1 2 00010000020001020003558811ff7f0000be40400000000000
22781 ENQUEUE 1 2 00010000020001020003558811ff7f0000be40400000000000
23102 TRANSMIT 1 2 00010000020102020003558811ff7f0000be40400000000000
23106 TRANSMIT 0 1 00010000020001020103558811ff7f0000be40400000000000
23120 ACK_SUCCESS 0 1 00010000020001020103558811ff7f0000be40400000000000
23120 ACK_SUCCESS 1 2 00010000020102020003558811ff7f0000be40400000000000
23135 RECEIVE 2 2 00010000020102020003558811ff7f0000be40400000000000
23169 RECEIVE 1 2 00010000020001020103558811ff7f0000be40400000000000
23171 ENQUEUE 1 2 00010000020001020103558811ff7f0000be40400000000000
23502 TRANSMIT 1 2 00010000020102020103558811ff7f0000be40400000000000
23521 RECEIVE 2 2 00010000020102020103558811ff7f0000be40400000000000
23526 ACK_SUCCESS 1 2 00010000020102020103558811ff7f0000be40400000000000
23902 TRANSMIT 1 2 02000001000100030102abcd00cc2eeebe744001008c340100
23905 RECEIVE 0 0 02000001000100030102abcd00cc2eeebe744001008c340100
23926 ACK_SUCCESS 1 2 02000001000100030102abcd00cc2eeebe744001008c340100
24030 SEND 0 2 00010000020002020003558811ff7f0000be40400000000000
24032 ENQUEUE 0 2 00010000020002020003558811ff7f0000be40400000000000
24035 ENQUEUE 0 2 00010000020002020103558811ff7f0000be40400000000000
24302 TRANSMIT 1 2 02000001000100030202abcd00cc2eeebe744001008c340100
24304 RECEIVE 0 0 02000001000100030202abcd00cc2eeebe744001008c340100
24307 TRANSMIT 0 1 00010000020001020003558811ff7f0000be40400000000000
24326 ACK_SUCCESS 1 2 02000001000100030202abcd00cc2eeebe744001008c340100
24335 ACK_SUCCESS 0 1 00010000020001020003558811ff7f0000be40400000000000
24358 RECEIVE 1 2 00010000020001020003558811ff7f0000be40400000000000
24360 ENQUEUE 1 2 00010000020001020003558811ff7f0000be40400000000000
24702 TRANSMIT 1 2 00010000020102020003558811ff7f0000be40400000000000
24706 TRANSMIT 0 1 00010000020001020103558811ff7f0000be40400000000000
24731 ACK_SUCCESS 1 2 00010000020102020003558811ff7f0000be40400000000000
24735 ACK_SUCCESS 0 1 00010000020001020103558811ff7f0000be40400000000000
24737 RECEIVE 2 2 00010000020102020003558811ff7f0000be40400000000000
24764 RECEIVE 1 2 00010000020001020103558811ff7f0000be40400000000000
24766 ENQUEUE 1 2 00010000020001020103558811ff7f0000be40400000000000
25102 TRANSMIT 1 2 00010000020102020103558811ff7f0000be40400000000000
25120 ACK_SUCCESS 1 2 00010000020102020103558811ff7f0000be40400000000000
25139 RECEIVE 2 2 00010000020102020103558811ff7f0000be40400000000000
25501 SEND 1 2 02000001000100030002abcd00cc2eeebe744001008c340100
25503 ENQUEUE 1 2 02000001000100030002abcd00cc2eeebe744001008c340100
25506 ENQUEUE 1 2 02000001000100030102abcd00cc2eeebe744001008c340100
25509 ENQUEUE 1 2 02000001000100030202abcd00cc2eeebe744001008c340100
25630 SEND 0 2 00010000020002020003558811ff7f0000be40400000000000
25632 ENQUEUE 0 2 00010000020002020003558811ff7f0000be40400000000000
25635 ENQUEUE 0 2 00010000020002020103558811ff7f0000be40400000000000
25873 RECEIVE 0 0 02000001000100030002abcd00cc2eeebe744001008c340100
25902 TRANSMIT 1 2 02000001000100030002abcd00cc2eeebe744001008c340100
25907 TRANSMIT 0 1 00010000020001020003558811ff7f0000be40400000000000
25920 ACK_SUCCESS 0 1 00010000020001020003558811ff7f0000be40400000000000
25930 ACK_SUCCESS 1 2 02000001000100030002abcd00cc2eeebe744001008c340100
25979 RECEIVE 1 2 00010000020001020003558811ff7f0000be40400000000000
25981 ENQUEUE 1 2 00010000020001020003558811ff7f0000be40400000000000
26302 TRANSMIT 1 2 00010000020102020003558811ff7f0000be40400000000000
26307 TRANSMIT 0 1 00010000020001020103558811ff7f0000be40400000000000
26320 ACK_SUCCESS 1 2 00010000020102020003558811ff7f0000be40400000000000
26336 ACK_SUCCESS 0 1 00010000020001020103558811ff7f0000be40400000000000
26340 RECEIVE 2 2 00010000020102020003558811ff7f0000be40400000000000
26383 RECEIVE 1 2 00010000020001020103558811ff7f0000be40400000000000
26385 ENQUEUE 1 2 00010000020001020103558811ff7f0000be40400000000000
26702 TRANSMIT 1 2 00010000020102020103558811ff7f0000be40400000000000
26723 ACK_SUCCESS 1 2 00010000020102020103558811ff7f0000be40400000000000
26725 RECEIVE 2 2 00010000020102020103558811ff7f0000be40400000000000
27102 TRANSMIT 1 2 02000001000100030102abcd00cc2eeebe744001008c340100
27104 RECEIVE 0 0 02000001000100030102abcd00cc2eeebe744001008c340100
27125 ACK_SUCCESS 1 2 02000001000100030102abcd00cc2eeebe744001008c340100
27229 SEND 0 2 00010000020002020003558811ff7f0000be40400000000000
27231 ENQUEUE 0 2 00010000020002020003558811ff7f0000be40400000000000
27234 ENQUEUE 0 2 00010000020002020103558811ff7f0000be40400000000000
27489 RECEIVE 0 0 02000001000100030202abcd00cc2eeebe744001008c340100
27502 TRANSMIT 1 2 02000001000100030202abcd00cc2eeebe744001008c340100
27507 TRANSMIT 0 1 00010000020001020003558811ff7f0000be40400000000000
27527 ACK_SUCCESS 1 2 02000001000100030202abcd00cc2eeebe744001008c340100
27536 ACK_SUCCESS 0 1 00010000020001020003558811ff7f0000be40400000000000
27576 RECEIVE 1 2 00010000020001020003558811ff7f0000be40400000000000
27578 ENQUEUE 1 2 00010000020001020003558811ff7f0000be40400000000000
27902 TRANSMIT 1 2 00010000020102020003558811ff7f0000be40400000000000
27907 TRANSMIT 0 1 00010000020001020103558811ff7f0000be40400000000000
27917 ACK_SUCCESS 1 2 00010000020102020003558811ff7f0000be40400000000000
27920 ACK_SUCCESS 0 1 00010000020001020103558811ff7f0000be40400000000000
27941 RECEIVE 2 2 00010000020102020003558811ff7f0000be40400000000000
27949 RECEIVE 1 2 00010000020001020103558811ff7f0000be40400000000000
27951 ENQUEUE 1 2 00010000020001020103558811ff7f0000be40400000000000
28302 TRANSMIT 1 2 00010000020102020103558811ff7f0000be40400000000000
28321 ACK_SUCCESS 1 2 00010000020102020103558811ff7f0000be40400000000000
28342 RECEIVE 2 2 00010000020102020103558811ff7f0000be40400000000000
28701 SEND 1 2 02000001000100030002abcd00cc2eeebe744001008c340100
28703 ENQUEUE 1 2 02000001000100030002abcd00cc2eeebe744001008c340100
28706 ENQUEUE 1 2 02000001000100030102abcd00cc2eeebe744001008c340100
28709 ENQUEUE 1 2 02000001000100030202abcd00cc2eeebe744001008c340100
28829 SEND 0 2 00010000020002020003558811ff7f0000be40400000000000
28831 ENQUEUE 0 2 00010000020002020003558811ff7f0000be40400000000000
28834 ENQUEUE 0 2 00010000020002020103558811ff7f0000be40400000000000
29102 TRANSMIT 1 2 02000001000100030002abcd00cc2eeebe744001008c340100
29104 RECEIVE 0 0 02000001000100030002abcd00cc2eeebe744001008c340100
29107 TRANSMIT 0 1 00010000020001020003558811ff7f0000be40400000000000
29116 ACK_SUCCESS 1 2 02000001000100030002abcd00cc2eeebe744001008c340100
29136 ACK_SUCCESS 0 1 00010000020001020003558811ff7f0000be40400000000000
29165 RECEIVE 1 2 00010000020001020003558811ff7f0000be40400000000000
29167 ENQUEUE 1 2 00010000020001020003558811ff7f0000be40400000000000
29502 TRANSMIT 1 2 00010000020102020003558811ff7f0000be40400000000000
29506 TRANSMIT 0 1 00010000020001020103558811ff7f0000be40400000000000
29522 ACK_SUCCESS 1 2 00010000020102020003558811ff7f0000be40400000000000
29528 RECEIVE 2 2 00010000020102020003558811ff7f0000be40400000000000
29535 ACK_SUCCESS 0 1 00010000020001020103558811ff7f0000be40400000000000
29602 RECEIVE 1 3 00010000020001020103558811ff7f0000be40400000000000
29604 ENQUEUE 1 3 00010000020001020103558811ff7f0000be40400000000000
29902 TRANSMIT 1 2 00010000020102020103558811ff7f0000be40400000000000
29921 ACK_SUCCESS 1 2 00010000020102020103558811ff7f0000be40400000000000
29944 RECEIVE 2 2 00010000020102020103558811ff7f0000be40400000000000
30288 RECEIVE 0 0 02000001000100030102abcd00cc2eeebe744001008c340100
30302 TRANSMIT 1 2 02000001000100030102abcd00cc2eeebe744001008c340100
30323 ACK_SUCCESS 1 2 02000001000100030102abcd00cc2eeebe744001008c340100
30429 SEND 0 2 00010000020002020003558811ff7f0000be40400000000000
30431 ENQUEUE 0 2 00010000020002020003558811ff7f0000be40400000000000
30434 ENQUEUE 0 2 00010000020002020103558811ff7f0000be40400000000000
30702 TRANSMIT 1 2 02000001000100030202abcd00cc2eeebe744001008c340100
30706 TRANSMIT 0 1 00010000020001020003558811ff7f0000be40400000000000
30720 RECEIVE 0 1 02000001000100030202abcd00cc2eeebe744001008c340100
30725 ACK_SUCCESS 1 2 02000001000100030202abcd00cc2eeebe744001008c340100
30736 ACK_SUCCESS 0 1 00010000020001020003558811ff7f0000be40400000000000
30741 RECEIVE 1 2 00010000020001020003558811ff7f0000be40400000000000
30743 ENQUEUE 1 2 00010000020001020003558811ff7f0000be40400000000000
31102 TRANSMIT 1 2 00010000020102020003558811ff7f0000be40400000000000
31106 TRANSMIT 0 1 00010000020001020103558811ff7f0000be40400000000000
31115 ACK_SUCCESS 1 2 00010000020102020003558811ff7f0000be40400000000000
31135 ACK_SUCCESS 0 1 00010000020001020103558811ff7f0000be40400000000000
31145 RECEIVE 2 2 00010000020102020003558811ff7f0000be40400000000000
31163 RECEIVE 1 2 00010000020001020103558811ff7f0000be40400000000000
31165 ENQUEUE 1 2 00010000020001020103558811ff7f0000be40400000000000
31502 TRANSMIT 1 2 00010000020102020103558811ff7f0000be40400000000000
31520 ACK_SUCCESS 1 2 00010000020102020103558811ff7f0000be40400000000000
31546 RECEIVE 2 2 00010000020102020103558811ff7f0000be40400000000000
31901 SEND 1 2 02000001000100030002abcd00cc2eeebe744001008c340100
31903 ENQUEUE 1 2 02000001000100030002abcd00cc2eeebe744001008c340100
31906 ENQUEUE 1 2 02000001000100030102abcd00cc2eeebe744001008c340100
31909 ENQUEUE 1 2 02000001000100030202abcd00cc2eeebe744001008c340100
32029 SEND 0 2 00010000020002020003558811ff7f0000be40400000000000
32031 ENQUEUE 0 2 00010000020002020003558811ff7f0000be40400000000000
32034 ENQUEUE 0 2 00010000020002020103558811ff7f0000be40400000000000
32288 RECEIVE 0 0 02000001000100030002abcd00cc2eeebe744001008c340100
32302 TRANSMIT 1 2 02000001000100030002abcd00cc2eeebe744001008c340100
32306 TRANSMIT 0 1 00010000020001020003558811ff7f0000be40400000000000
32315 ACK_SUCCESS 1 2 02000001000100030002abcd00cc2eeebe744001008c340100
32335 ACK_SUCCESS 0 1 00010000020001020003558811ff7f0000be40400000000000
32380 RECEIVE 1 2 00010000020001020003558811ff7f0000be40400000000000
32382 ENQUEUE 1 2 00010000020001020003558811ff7f0000be40400000000000
32702 TRANSMIT 1 2 00010000020102020003558811ff7f0000be40400000000000
32706 TRANSMIT 0 1 00010000020001020103558811ff7f0000be40400000000000
32720 ACK_SUCCESS 1 2 00010000020102020003558811ff7f0000be40400000000000
32731 RECEIVE 2 2 00010000020102020003558811ff7f0000be40400000000000
32735 ACK_SUCCESS 0 1 00010000020001020103558811ff7f0000be40400000000000
32785 RECEIVE 1 2 00010000020001020103558811ff7f0000be40400000000000
32787 ENQUEUE 1 2 00010000020001020103558811ff7f0000be40400000000000
33102 TRANSMIT 1 2 00010000020102020103558811ff7f0000be40400000000000
33126 ACK_SUCCESS 1 2 00010000020102020103558811ff7f0000be40400000000000
33148 RECEIVE 2 2 00010000020102020103558811ff7f0000be40400000000000
33502 TRANSMIT 1 2 02000001000100030102abcd00cc2eeebe744001008c340100
33504 RECEIVE 0 0 02000001000100030102abcd00cc2eeebe744001008c340100
33526 ACK_SUCCESS 1 2 02000001000100030102abcd00cc2eeebe744001008c340100
33629 SEND 0 2 00010000020002020003558811ff7f0000be40400000000000
33631 ENQUEUE 0 2 00010000020002020003558811ff7f0000be40400000000000
33634 ENQUEUE 0 2 00010000020002020103558811ff7f0000be40400000000000
33902 TRANSMIT 1 2 02000001000100030202abcd00cc2eeebe744001008c340100
33904 RECEIVE 0 0 02000001000100030202abcd00cc2eeebe744001008c340100
33907 TRANSMIT 0 1 00010000020001020003558811ff7f0000be40400000000000
33920 ACK_SUCCESS 0 1 00010000020001020003558811ff7f0000be40400000000000
33922 ACK_SUCCESS 1 2 02000001000100030202abcd00cc2eeebe744001008c340100
33939 RECEIVE 1 2 00010000020001020003558811ff7f0000be40400000000000
33941 ENQUEUE 1 2 00010000020001020003558811ff7f0000be40400000000000
34302 TRANSMIT 1 2 00010000020102020003558811ff7f0000be40400000000000
34306 TRANSMIT 0 1 00010000020001020103558811ff7f0000be40400000000000
34326 ACK_SUCCESS 1 2 00010000020102020003558811ff7f0000be40400000000000
34335 ACK_SUCCESS 0 1 00010000020001020103558811ff7f0000be40400000000000
34348 RECEIVE 2 2 00010000020102020003558811ff7f0000be40400000000000
34374 RECEIVE 1 2 00010000020001020103558811ff7f0000be40400000000000
34376 ENQUEUE 1 2 00010000020001020103558811ff7f0000be40400000000000
34702 TRANSMIT 1 2 00010000020102020103558811ff7f0000be40400000000000
34715 ACK_SUCCESS 1 2 00010000020102020103558811ff7f0000be40400000000000
34750 RECEIVE 2 2 00010000020102020103558811ff7f0000be40400000000000
35101 SEND 1 2 02000001000100030002abcd00cc2eeebe744001008c340100
35103 ENQUEUE 1 2 02000001000100030002abcd00cc2eeebe744001008c340100
35106 ENQUEUE 1 2 02000001000100030102abcd00cc2eeebe744001008c340100
35109 ENQUEUE 1 2 02000001000100030202abcd00cc2eeebe744001008c340100
35229 SEND 0 2 00010000020002020003558811ff7f0000be40400000000000
35231 ENQUEUE 0 2 00010000020002020003558811ff7f0000be40400000000000
35234 ENQUEUE 0 2 00010000020002020103558811ff7f0000be40400000000000
35502 TRANSMIT 1 2 02000001000100030002abcd00cc2eeebe744001008c340100
35504 RECEIVE 0 0 02000001000100030002abcd00cc2eeebe744001008c340100
35507 TRANSMIT 0 1 00010000020001020003558811ff7f0000be40400000000000
35523 ACK_SUCCESS 1 2 02000001000100030002abcd00cc2eeebe744001008c340100
35535 ACK_SUCCESS 0 1 00010000020001020003558811ff7f0000be40400000000000
35557 RECEIVE 1 2 00010000020001020003558811ff7f0000be40400000000000
35559 ENQUEUE 1 2 00010000020001020003558811ff7f0000be40400000000000
35902 TRANSMIT 1 2 00010000020102020003558811ff7f0000be40400000000000
35906 TRANSMIT 0 1 00010000020001020103558811ff7f0000be40400000000000
35919 ACK_SUCCESS 0 1 00010000020001020103558811ff7f0000be40400000000000
35929 ACK_SUCCESS 1 2 00010000020102020003558811ff7f0000be40400000000000
35952 RECEIVE 2 2 00010000020102020003558811ff7f0000be40400000000000
35963 RECEIVE 1 2 00010000020001020103558811ff7f0000be40400000000000
35965 ENQUEUE 1 2 00010000020001020103558811ff7f0000be40400000000000
36302 TRANSMIT 1 2 00010000020102020103558811ff7f0000be40400000000000
36317 ACK_SUCCESS 1 2 00010000020102020103558811ff7f0000be40400000000000
36351 RECEIVE 2 2 00010000020102020103558811ff7f0000be40400000000000
36702 TRANSMIT 1 2 02000001000100030102abcd00cc2eeebe744001008c340100
36719 RECEIVE 0 1 02000001000100030102abcd00cc2eeebe744001008c340100
36719 ACK_SUCCESS 1 2 02000001000100030102abcd00cc2eeebe744001008c340100
36829 SEND 0 2 00010000020002020003558811ff7f0000be40400000000000
36831 ENQUEUE 0 2 00010000020002020003558811ff7f0000be40400000000000
36834 ENQUEUE 0 2 00010000020002020103558811ff7f0000be40400000000000
37088 RECEIVE 0 0 02000001000100030202abcd00cc2eeebe744001008c340100
37102 TRANSMIT 1 2 02000001000100030202abcd00cc2eeebe744001008c340100
37106 TRANSMIT 0 1 00010000020001020003558811ff7f0000be40400000000000
37120 ACK_SUCCESS 1 2 02000001000100030202abcd00cc2eeebe744001008c340100
37135 ACK_SUCCESS 0 1 00010000020001020003558811ff7f0000be40400000000000
37170 RECEIVE 1 2 00010000020001020003558811ff7f0000be40400000000000
37172 ENQUEUE 1 2 00010000020001020003558811ff7f0000be40400000000000
37502 TRANSMIT 1 2 00010000020102020003558811ff7f0000be40400000000000
37506 TRANSMIT 0 1 00010000020001020103558811ff7f0000be40400000000000
37526 ACK_SUCCESS 1 2 00010000020102020003558811ff7f0000be40400000000000
37536 ACK_SUCCESS 0 1 00010000020001020103558811ff7f0000be40400000000000
37543 RECEIVE 1 2 00010000020001020103558811ff7f0000be40400000000000
37545 ENQUEUE 1 2 00010000020001020103558811ff7f0000be40400000000000
37554 RECEIVE 2 2 00010000020102020003558811ff7f0000be40400000000000
37902 TRANSMIT 1 2 00010000020102020103558811ff7f0000be40400000000000
37914 ACK_SUCCESS 1 2 00010000020102020103558811ff7f0000be40400000000000
37953 RECEIVE 2 2 00010000020102020103558811ff7f0000be40400000000000
38301 SEND 1 2 02000001000100030002abcd00cc2eeebe744001008c340100
38303 ENQUEUE 1 2 02000001000100030002abcd00cc2eeebe744001008c340100
38306 ENQUEUE 1 2 02000001000100030102abcd00cc2eeebe744001008c340100
38309 ENQUEUE 1 2 02000001000100030202abcd00cc2eeebe744001008c340100
38430 SEND 0 2 00010000020002020003558811ff7f0000be40400000000000
38432 ENQUEUE 0 2 00010000020002020003558811ff7f0000be40400000000000
38435 ENQUEUE 0 2 00010000020002020103558811ff7f0000be40400000000000
38673 RECEIVE 0 0 02000001000100030002abcd00cc2eeebe744001008c340100
38702 TRANSMIT 1 2 02000001000100030002abcd00cc2eeebe744001008c340100
38707 TRANSMIT 0 1 00010000020001020003558811ff7f0000be40400000000000
38724 ACK_SUCCESS 1 2 02000001000100030002abcd00cc2eeebe744001008c340100
38736 ACK_SUCCESS 0 1 00010000020001020003558811ff7f0000be40400000000000
38822 RECEIVE 1 3 00010000020001020003558811ff7f0000be40400000000000
38824 ENQUEUE 1 3 00010000020001020003558811ff7f0000be40400000000000
39102 TRANSMIT 1 2 00010000020102020003558811ff7f0000be40400000000000
39106 TRANSMIT 0 1 00010000020001020103558811ff7f0000be40400000000000
39130 ACK_SUCCESS 1 2 00010000020102020003558811ff7f0000be40400000000000
39135 ACK_SUCCESS 0 1 00010000020001020103558811ff7f0000be40400000000000
39155 RECEIVE 2 2 00010000020102020003558811ff7f0000be40400000000000
39164 RECEIVE 1 2 00010000020001020103558811ff7f0000be40400000000000
39166 ENQUEUE 1 2 00010000020001020103558811ff7f0000be40400000000000
39502 TRANSMIT 1 2 00010000020102020103558811ff7f0000be40400000000000
39520 ACK_SUCCESS 1 2 00010000020102020103558811ff7f0000be40400000000000
39556 RECEIVE 2 2 00010000020102020103558811ff7f0000be40400000000000
39872 RECEIVE 0 0 02000001000100030102abcd00cc2eeebe744001008c340100
39902 TRANSMIT 1 2 02000001000100030102abcd00cc2eeebe744001008c340100
39922 ACK_SUCCESS 1 2 02000001000100030102abcd00cc2eeebe744001008c340100
40029 SEND 0 2 00010000020002020003558811ff7f0000be40400000000000
40031 ENQUEUE 0 2 00010000020002020003558811ff7f0000be40400000000000
40034 ENQUEUE 0 2 00010000020002020103558811ff7f0000be40400000000000
40288 RECEIVE 0 0 02000001000100030202abcd00cc2eeebe744001008c340100
40302 TRANSMIT 1 2 02000001000100030202abcd00cc2eeebe744001008c340100
40306 TRANSMIT 0 1 00010000020001020003558811ff7f0000be40400000000000
40323 ACK_SUCCESS 1 2 02000001000100030202abcd00cc2eeebe744001008c340100
40335 ACK_SUCCESS 0 1 00010000020001020003558811ff7f0000be40400000000000
40373 RECEIVE 1 2 00010000020001020003558811ff7f0000be40400000000000
40375 ENQUEUE 1 2 00010000020001020003558811ff7f0000be40400000000000
40702 TRANSMIT 1 2 00010000020102020003558811ff7f0000be40400000000000
40706 TRANSMIT 0 1 00010000020001020103558811ff7f0000be40400000000000
40729 ACK_SUCCESS 1 2 00010000020102020003558811ff7f0000be40400000000000
40735 ACK_SUCCESS 0 1 00010000020001020103558811ff7f0000be40400000000000
40757 RECEIVE 2 2 00010000020102020003558811ff7f0000be40400000000000
40764 RECEIVE 1 2 00010000020001020103558811ff7f0000be40400000000000
40766 ENQUEUE 1 2 00010000020001020103558811ff7f0000be40400000000000
41102 TRANSMIT 1 2 00010000020102020103558811ff7f0000be40400000000000
41121 ACK_SUCCESS 1 2 00010000020102020103558811ff7f0000be40400000000000
41142 RECEIVE 2 2 00010000020102020103558811ff7f0000be40400000000000
41501 SEND 1 2 02000001000100030002abcd00cc2eeebe744001008c340100
41503 ENQUEUE 1 2 02000001000100030002abcd00cc2eeebe744001008c340100
41506 ENQUEUE 1 2 02000001000100030102abcd00cc2eeebe744001008c340100
41509 ENQUEUE 1 2 02000001000100030202abcd00cc2eeebe744001008c340100
41629 SEND 0 2 00010000020002020003558811ff7f0000be40400000000000
41631 ENQUEUE 0 2 00010000020002020003558811ff7f0000be40400000000000
41634 ENQUEUE 0 2 00010000020002020103558811ff7f0000be40400000000000
41902 TRANSMIT 1 2 02000001000100030002abcd00cc2eeebe744001008c340100
41904 RECEIVE 0 0 02000001000100030002abcd00cc2eeebe744001008c340100
41907 TRANSMIT 0 1 00010000020001020003558811ff7f0000be40400000000000
41919 ACK_SUCCESS 0 1 00010000020001020003558811ff7f0000be40400000000000
41930 ACK_SUCCESS 1 2 02000001000100030002abcd00cc2eeebe744001008c340100
41948 RECEIVE 1 2 00010000020001020003558811ff7f0000be40400000000000
41950 ENQUEUE 1 2 00010000020001020003558811ff7f0000be40400000000000
42302 TRANSMIT 1 2 00010000020102020003558811ff7f0000be40400000000000
42306 TRANSMIT 0 1 00010000020001020103558811ff7f0000be40400000000000
42320 ACK_SUCCESS 1 2 00010000020102020003558811ff7f0000be40400000000000
42335 ACK_SUCCESS 0 1 00010000020001020103558811ff7f0000be40400000000000
42344 RECEIVE 2 2 00010000020102020003558811ff7f0000be40400000000000
42369 RECEIVE 1 2 00010000020001020103558811ff7f0000be40400000000000
42371 ENQUEUE 1 2 00010000020001020103558811ff7f0000be40400000000000
42702 TRANSMIT 1 2 00010000020102020103558811ff7f0000be40400000000000
42726 ACK_SUCCESS 1 2 00010000020102020103558811ff7f0000be40400000000000
42759 RECEIVE 2 2 00010000020102020103558811ff7f0000be40400000000000
43058 RECEIVE 0 0 02000001000100030102abcd00cc2eeebe744001008c340100
43102 TRANSMIT 1 2 02000001000100030102abcd00cc2eeebe744001008c340100
43127 ACK_SUCCESS 1 2 02000001000100030102abcd00cc2eeebe744001008c340100
43317 SEND 0 2 00010000020002020003558811ff7f0000be40400000000000
43319 ENQUEUE 0 2 00010000020002020003558811ff7f0000be40400000000000
43322 ENQUEUE 0 2 00010000020002020103558811ff7f0000be40400000000000
43502 TRANSMIT 1 2 02000001000100030202abcd00cc2eeebe744001008c340100
43520 RECEIVE 0 0 02000001000100030202abcd00cc2eeebe744001008c340100
43529 ACK_SUCCESS 1 2 02000001000100030202abcd00cc2eeebe744001008c340100
43615 TRANSMIT 0 1 00010000020001020003558811ff7f0000be40400000000000
43645 ACK_SUCCESS 0 1 00010000020001020003558811ff7f0000be40400000000000
43658 RECEIVE 1 3 00010000020001020003558811ff7f0000be40400000000000
43660 ENQUEUE 1 3 00010000020001020003558811ff7f0000be40400000000000
43902 TRANSMIT 1 2 00010000020102020003558811ff7f0000be40400000000000
43919 ACK_SUCCESS 1 2 00010000020102020003558811ff7f0000be40400000000000
43962 RECEIVE 2 2 00010000020102020003558811ff7f0000be40400000000000
44016 TRANSMIT 0 1 00010000020001020103558811ff7f0000be40400000000000
44045 ACK_SUCCESS 0 1 00010000020001020103558811ff7f0000be40400000000000
44063 RECEIVE 1 3 00010000020001020103558811ff7f0000be40400000000000
44065 ENQUEUE 1 3 00010000020001020103558811ff7f0000be40400000000000
44302 TRANSMIT 1 2 00010000020102020103558811ff7f0000be40400000000000
44325 ACK_SUCCESS 1 2 00010000020102020103558811ff7f0000be40400000000000
44346 RECEIVE 2 2 00010000020102020103558811ff7f0000be40400000000000
44701 SEND 1 2 02000001000100030002abcd00cc2eeebe744001008c340100
44703 ENQUEUE 1 2 02000001000100030002abcd00cc2eeebe744001008c340100
44706 ENQUEUE 1 2 02000001000100030102abcd00cc2eeebe744001008c340100
44709 ENQUEUE 1 2 02000001000100030202abcd00cc2eeebe744001008c340100
44917 SEND 0 2 00010000020002020003558811ff7f0000be40400000000000
44919 ENQUEUE 0 2 00010000020002020003558811ff7f0000be40400000000000
44922 ENQUEUE 0 2 00010000020002020103558811ff7f0000be40400000000000
45102 TRANSMIT 1 2 02000001000100030002abcd00cc2eeebe744001008c340100
45104 RECEIVE 0 3 02000001000100030002abcd00cc2eeebe744001008c340100
45119 ACK_SUCCESS 1 2 02000001000100030002abcd00cc2eeebe744001008c340100
45215 TRANSMIT 0 1 00010000020001020003558811ff7f0000be40400000000000
45229 ACK_SUCCESS 0 1 00010000020001020003558811ff7f0000be40400000000000
45264 RECEIVE 1 3 00010000020001020003558811ff7f0000be40400000000000
45266 ENQUEUE 1 3 00010000020001020003558811ff7f0000be40400000000000
45502 TRANSMIT 1 2 00010000020102020003558811ff7f0000be40400000000000
45525 ACK_SUCCESS 1 2 00010000020102020003558811ff7f0000be40400000000000
45563 RECEIVE 2 2 00010000020102020003558811ff7f0000be40400000000000
45615 TRANSMIT 0 1 00010000020001020103558811ff7f0000be40400000000000
45644 ACK_SUCCESS 0 1 00010000020001020103558811ff7f0000be40400000000000
45685 RECEIVE 1 3 00010000020001020103558811ff7f0000be40400000000000
45687 ENQUEUE 1 3 00010000020001020103558811ff7f0000be40400000000000
45902 TRANSMIT 1 2 00010000020102020103558811ff7f0000be40400000000000
45915 ACK_SUCCESS 1 2 00010000020102020103558811ff7f0000be40400000000000
45965 RECEIVE 2 2 00010000020102020103558811ff7f0000be40400000000000
46288 RECEIVE 0 3 02000001000100030102abcd00cc2eeebe744001008c340100
46302 TRANSMIT 1 2 02000001000100030102abcd00cc2eeebe744001008c340100
46315 ACK_SUCCESS 1 2 02000001000100030102abcd00cc2eeebe744001008c340100
46516 SEND 0 2 00010000020002020003558811ff7f0000be40400000000000
46518 ENQUEUE 0 2 00010000020002020003558811ff7f0000be40400000000000
46521 ENQUEUE 0 2 00010000020002020103558811ff7f0000be40400000000000
46688 RECEIVE 0 3 02000001000100030202abcd00cc2eeebe744001008c340100
46702 TRANSMIT 1 2 02000001000100030202abcd00cc2eeebe744001008c340100
46729 ACK_SUCCESS 1 2 02000001000100030202abcd00cc2eeebe744001008c340100
46815 TRANSMIT 0 1 00010000020001020003558811ff7f0000be40400000000000
46845 ACK_SUCCESS 0 1 00010000020001020003558811ff7f0000be40400000000000
46890 RECEIVE 1 3 00010000020001020003558811ff7f0000be40400000000000
46892 ENQUEUE 1 3 00010000020001020003558811ff7f0000be40400000000000
47102 TRANSMIT 1 2 00010000020102020003558811ff7f0000be40400000000000
47119 ACK_SUCCESS 1 2 00010000020102020003558811ff7f0000be40400000000000
47166 RECEIVE 2 2 00010000020102020003558811ff7f0000be40400000000000
47215 TRANSMIT 0 1 00010000020001020103558811ff7f0000be40400000000000
47229 ACK_SUCCESS 0 1 00010000020001020103558811ff7f0000be40400000000000
47279 RECEIVE 1 3 00010000020001020103558811ff7f0000be40400000000000
47281 ENQUEUE 1 3 00010000020001020103558811ff7f0000be40400000000000
47502 TRANSMIT 1 2 00010000020102020103558811ff7f0000be40400000000000
47525 ACK_SUCCESS 1 2 00010000020102020103558811ff7f0000be40400000000000
47550 RECEIVE 2 2 00010000020102020103558811ff7f0000be40400000000000
47901 SEND 1 2 02000001000100030002abcd00cc2eeebe744001008c340100
47903 ENQUEUE 1 2 02000001000100030002abcd00cc2eeebe744001008c340100
47906 ENQUEUE 1 2 02000001000100030102abcd00cc2eeebe744001008c340100
47909 ENQUEUE 1 2 02000001000100030202abcd00cc2eeebe744001008c340100
48116 SEND 0 2 00010000020002020003558811ff7f0000be40400000000000
48118 ENQUEUE 0 2 00010000020002020003558811ff7f0000be40400000000000
48121 ENQUEUE 0 2 00010000020002020103558811ff7f0000be40400000000000
48272 RECEIVE 0 3 02000001000100030002abcd00cc2eeebe744001008c340100
48302 TRANSMIT 1 2 02000001000100030002abcd00cc2eeebe744001008c340100
48319 ACK_SUCCESS 1 2 02000001000100030002abcd00cc2eeebe744001008c340100
48415 TRANSMIT 0 1 00010000020001020003558811ff7f0000be40400000000000
48444 ACK_SUCCESS 0 1 00010000020001020003558811ff7f0000be40400000000000
48513 RECEIVE 1 0 00010000020001020003558811ff7f0000be40400000000000
48515 ENQUEUE 1 0 00010000020001020003558811ff7f0000be40400000000000
48702 TRANSMIT 1 2 00010000020102020003558811ff7f0000be40400000000000
48725 ACK_SUCCESS 1 2 00010000020102020003558811ff7f0000be40400000000000
48752 RECEIVE 2 2 00010000020102020003558811ff7f0000be40400000000000
48816 TRANSMIT 0 1 00010000020001020103558811ff7f0000be40400000000000
48845 ACK_SUCCESS 0 1 00010000020001020103558811ff7f0000be40400000000000
48869 RECEIVE 1 3 00010000020001020103558811ff7f0000be40400000000000
48871 ENQUEUE 1 3 00010000020001020103558811ff7f0000be40400000000000
49102 TRANSMIT 1 2 00010000020102020103558811ff7f0000be40400000000000
49115 ACK_SUCCESS 1 2 00010000020102020103558811ff7f0000be40400000000000
49168 RECEIVE 2 2 00010000020102020103558811ff7f0000be40400000000000
49502 TRANSMIT 1 2 02000001000100030102abcd00cc2eeebe744001008c340100
49504 RECEIVE 0 3 02000001000100030102abcd00cc2eeebe744001008c340100
49516 ACK_SUCCESS 1 2 02000001000100030102abcd00cc2eeebe744001008c340100
49717 SEND 0 2 00010000020002020003558811ff7f0000be40400000000000
49719 ENQUEUE 0 2 00010000020002020003558811ff7f0000be40400000000000
49722 ENQUEUE 0 2 00010000020002020103558811ff7f0000be40400000000000
49888 RECEIVE 0 3 02000001000100030202abcd00cc2eeebe744001008c340100
49902 TRANSMIT 1 2 02000001000100030202abcd00cc2eeebe744001008c340100
49917 ACK_SUCCESS 1 2 02000001000100030202abcd00cc2eeebe744001008c340100
50015 TRANSMIT 0 1 00010000020001020003558811ff7f0000be40400000000000
50045 ACK_SUCCESS 0 1 00010000020001020003558811ff7f0000be40400000000000
50094 RECEIVE 1 3 00010000020001020003558811ff7f0000be40400000000000
50096 ENQUEUE 1 3 00010000020001020003558811ff7f0000be40400000000000
50302 TRANSMIT 1 2 00010000020102020003558811ff7f0000be40400000000000
50322 ACK_SUCCESS 1 2 00010000020102020003558811ff7f0000be40400000000000
50351 RECEIVE 2 2 00010000020102020003558811ff7f0000be40400000000000
50415 TRANSMIT 0 1 00010000020001020103558811ff7f0000be40400000000000
50445 ACK_SUCCESS 0 1 00010000020001020103558811ff7f0000be40400000000000
50499 RECEIVE 1 3 00010000020001020103558811ff7f0000be40400000000000
50501 ENQUEUE 1 3 00010000020001020103558811ff7f0000be40400000000000
50702 TRANSMIT 1 2 00010000020102020103558811ff7f0000be40400000000000
50728 ACK_SUCCESS 1 2 00010000020102020103558811ff7f0000be40400000000000
50773 RECEIVE 2 2 00010000020102020103558811ff7f0000be40400000000000
51101 SEND 1 2 02000001000100030002abcd00cc2eeebe744001008c340100
51103 ENQUEUE 1 2 02000001000100030002abcd00cc2eeebe744001008c340100
51106 ENQUEUE 1 2 02000001000100030102abcd00cc2eeebe744001008c340100
51109 ENQUEUE 1 2 02000001000100030202abcd00cc2eeebe744001008c340100
51316 SEND 0 2 00010000020002020003558811ff7f0000be40400000000000
51318 ENQUEUE 0 2 00010000020002020003558811ff7f0000be40400000000000
51321 ENQUEUE 0 2 00010000020002020103558811ff7f0000be40400000000000
51502 TRANSMIT 1 2 02000001000100030002abcd00cc2eeebe744001008c340100
51504 RECEIVE 0 3 02000001000100030002abcd00cc2eeebe744001008c340100
51521 ACK_SUCCESS 1 2 02000001000100030002abcd00cc2eeebe744001008c340100
51615 TRANSMIT 0 1 00010000020001020003558811ff7f0000be40400000000000
51644 ACK_SUCCESS 0 1 00010000020001020003558811ff7f0000be40400000000000
51667 RECEIVE 1 3 00010000020001020003558811ff7f0000be40400000000000
51669 ENQUEUE 1 3 00010000020001020003558811ff7f0000be40400000000000
51902 TRANSMIT 1 2 00010000020102020003558811ff7f0000be40400000000000
51926 ACK_SUCCESS 1 2 00010000020102020003558811ff7f0000be40400000000000
51971 RECEIVE 2 2 00010000020102020003558811ff7f0000be40400000000000
52016 TRANSMIT 0 1 00010000020001020103558811ff7f0000be40400000000000
52045 ACK_SUCCESS 0 1 00010000020001020103558811ff7f0000be40400000000000
52103 RECEIVE 1 0 00010000020001020103558811ff7f0000be40400000000000
52105 ENQUEUE 1 0 00010000020001020103558811ff7f0000be40400000000000
52302 TRANSMIT 1 2 00010000020102020103558811ff7f0000be40400000000000
52315 ACK_SUCCESS 1 2 00010000020102020103558811ff7f0000be40400000000000
52372 RECEIVE 2 2 00010000020102020103558811ff7f0000be40400000000000
52689 RECEIVE 0 3 02000001000100030102abcd00cc2eeebe744001008c340100
52702 TRANSMIT 1 2 02000001000100030102abcd00cc2eeebe744001008c340100
52731 ACK_SUCCESS 1 2 02000001000100030102abcd00cc2eeebe744001008c340100
52916 SEND 0 2 00010000020002020003558811ff7f0000be40400000000000
52918 ENQUEUE 0 2 00010000020002020003558811ff7f0000be40400000000000
52921 ENQUEUE 0 2 00010000020002020103558811ff7f0000be40400000000000
53088 RECEIVE 0 3 02000001000100030202abcd00cc2eeebe744001008c340100
53102 TRANSMIT 1 2 02000001000100030202abcd00cc2eeebe744001008c340100
53117 ACK_SUCCESS 1 2 02000001000100030202abcd00cc2eeebe744001008c340100
53215 TRANSMIT 0 1 00010000020001020003558811ff7f0000be40400000000000
53229 ACK_SUCCESS 0 1 00010000020001020003558811ff7f0000be40400000000000
53310 RECEIVE 1 0 00010000020001020003558811ff7f0000be40400000000000
53312 ENQUEUE 1 0 00010000020001020003558811ff7f0000be40400000000000
53502 TRANSMIT 1 2 00010000020102020003558811ff7f0000be40400000000000
53522 ACK_SUCCESS 1 2 00010000020102020003558811ff7f0000be40400000000000
53558 RECEIVE 2 2 00010000020102020003558811ff7f0000be40400000000000
53616 TRANSMIT 0 1 00010000020001020103558811ff7f0000be40400000000000
53645 ACK_SUCCESS 0 1 00010000020001020103558811ff7f0000be40400000000000
53666 RECEIVE 1 3 00010000020001020103558811ff7f0000be40400000000000
53668 ENQUEUE 1 3 00010000020001020103558811ff7f0000be40400000000000
53902 TRANSMIT 1 2 00010000020102020103558811ff7f0000be40400000000000
53924 ACK_SUCCESS 1 2 00010000020102020103558811ff7f0000be40400000000000
53971 RECEIVE 2 2 00010000020102020103558811ff7f0000be40400000000000
54301 SEND 1 2 02000001000100030002abcd00cc2eeebe744001008c340100
54303 ENQUEUE 1 2 02000001000100030002abcd00cc2eeebe744001008c340100
54306 ENQUEUE 1 2 02000001000100030102abcd00cc2eeebe744001008c340100
54309 ENQUEUE 1 2 02000001000100030202abcd00cc2eeebe744001008c340100
54517 SEND 0 2 00010000020002020003558811ff7f0000be40400000000000
54519 ENQUEUE 0 2 00010000020002020003558811ff7f0000be40400000000000
54522 ENQUEUE 0 2 00010000020002020103558811ff7f0000be40400000000000
54702 TRANSMIT 1 2 02000001000100030002abcd00cc2eeebe744001008c340100
54704 RECEIVE 0 3 02000001000100030002abcd00cc2eeebe744001008c340100
54716 ACK_SUCCESS 1 2 02000001000100030002abcd00cc2eeebe744001008c340100
54816 TRANSMIT 0 1 00010000020001020003558811ff7f0000be40400000000000
54845 ACK_SUCCESS 0 1 00010000020001020003558811ff7f0000be40400000000000
54861 RECEIVE 1 3 00010000020001020003558811ff7f0000be40400000000000
54863 ENQUEUE 1 3 00010000020001020003558811ff7f0000be40400000000000
55102 TRANSMIT 1 2 00010000020102020003558811ff7f0000be40400000000000
55122 ACK_SUCCESS 1 2 00010000020102020003558811ff7f0000be40400000000000
55160 RECEIVE 2 2 00010000020102020003558811ff7f0000be40400000000000
55216 TRANSMIT 0 1 00010000020001020103558811ff7f0000be40400000000000
55229 ACK_SUCCESS 0 1 00010000020001020103558811ff7f0000be40400000000000
55315 RECEIVE 1 0 00010000020001020103558811ff7f0000be40400000000000
55317 ENQUEUE 1 0 00010000020001020103558811ff7f0000be40400000000000
55502 TRANSMIT 1 2 00010000020102020103558811ff7f0000be40400000000000
55528 ACK_SUCCESS 1 2 00010000020102020103558811ff7f0000be40400000000000
55576 RECEIVE 2 2 00010000020102020103558811ff7f0000be40400000000000
55858 RECEIVE 0 3 02000001000100030102abcd00cc2eeebe744001008c340100
55902 TRANSMIT 1 2 02000001000100030102abcd00cc2eeebe744001008c340100
55929 ACK_SUCCESS 1 2 02000001000100030102abcd00cc2eeebe744001008c340100
56117 SEND 0 2 00010000020002020003558811ff7f0000be40400000000000
56119 ENQUEUE 0 2 00010000020002020003558811ff7f0000be40400000000000
56122 ENQUEUE 0 2 00010000020002020103558811ff7f0000be40400000000000
56289 RECEIVE 0 3 02000001000100030202abcd00cc2eeebe744001008c340100
56302 TRANSMIT 1 2 02000001000100030202abcd00cc2eeebe744001008c340100
56331 ACK_SUCCESS 1 2 02000001000100030202abcd00cc2eeebe744001008c340100
56416 TRANSMIT 0 1 00010000020001020003558811ff7f0000be40400000000000
56445 ACK_SUCCESS 0 1 00010000020001020003558811ff7f0000be40400000000000
56476 RECEIVE 1 3 00010000020001020003558811ff7f0000be40400000000000
56478 ENQUEUE 1 3 00010000020001020003558811ff7f0000be40400000000000
56702 TRANSMIT 1 2 00010000020102020003558811ff7f0000be40400000000000
56720 ACK_SUCCESS 1 2 00010000020102020003558811ff7f0000be40400000000000
56777 RECEIVE 2 2 00010000020102020003558811ff7f0000be40400000000000
56816 TRANSMIT 0 1 00010000020001020103558811ff7f0000be40400000000000
56845 ACK_SUCCESS 0 1 00010000020001020103558811ff7f0000be40400000000000
56866 RECEIVE 1 3 00010000020001020103558811ff7f0000be40400000000000
56868 ENQUEUE 1 3 00010000020001020103558811ff7f0000be40400000000000
57102 TRANSMIT 1 2 00010000020102020103558811ff7f0000be40400000000000
57127 ACK_SUCCESS 1 2 00010000020102020103558811ff7f0000be40400000000000
57179 RECEIVE 2 2 00010000020102020103558811ff7f0000be40400000000000
57501 SEND 1 2 02000001000100030002abcd00cc2eeebe744001008c340100
57503 ENQUEUE 1 2 02000001000100030002abcd00cc2eeebe744001008c340100
57506 ENQUEUE 1 2 02000001000100030102abcd00cc2eeebe744001008c340100
57509 ENQUEUE 1 2 02000001000100030202abcd00cc2eeebe744001008c340100
57717 SEND 0 2 00010000020002020003558811ff7f0000be40400000000000
57719 ENQUEUE 0 2 00010000020002020003558811ff7f0000be40400000000000
57722 ENQUEUE 0 2 00010000020002020103558811ff7f0000be40400000000000
57889 RECEIVE 0 3 02000001000100030002abcd00cc2eeebe744001008c340100
57902 TRANSMIT 1 2 02000001000100030002abcd00cc2eeebe744001008c340100
57918 ACK_SUCCESS 1 2 02000001000100030002abcd00cc2eeebe744001008c340100
58016 TRANSMIT 0 1 00010000020001020003558811ff7f0000be40400000000000
58029 ACK_SUCCESS 0 1 00010000020001020003558811ff7f0000be40400000000000
58079 RECEIVE 1 3 00010000020001020003558811ff7f0000be40400000000000
58081 ENQUEUE 1 3 00010000020001020003558811ff7f0000be40400000000000
58302 TRANSMIT 1 2 00010000020102020003558811ff7f0000be40400000000000
58323 ACK_SUCCESS 1 2 00010000020102020003558811ff7f0000be40400000000000
58380 RECEIVE 2 2 00010000020102020003558811ff7f0000be40400000000000
58416 TRANSMIT 0 1 00010000020001020103558811ff7f0000be40400000000000
58517 ACK_SUCCESS 0 2 00010000020001020103558811ff7f0000be40400000000000
58532 RECEIVE 1 0 00010000020001020103558811ff7f0000be40400000000000
58534 ENQUEUE 1 0 00010000020001020103558811ff7f0000be40400000000000
58702 TRANSMIT 1 2 00010000020102020103558811ff7f0000be40400000000000
58729 ACK_SUCCESS 1 2 00010000020102020103558811ff7f0000be40400000000000
58780 RECEIVE 2 2 00010000020102020103558811ff7f0000be40400000000000
59102 TRANSMIT 1 2 02000001000100030102abcd00cc2eeebe744001008c340100
59104 RECEIVE 0 3 02000001000100030102abcd00cc2eeebe744001008c340100
59129 ACK_SUCCESS 1 2 02000001000100030102abcd00cc2eeebe744001008c340100
59317 SEND 0 2 00010000020002020003558811ff7f0000be40400000000000
59319 ENQUEUE 0 2 00010000020002020003558811ff7f0000be40400000000000
59322 ENQUEUE 0 2 00010000020002020103558811ff7f0000be40400000000000
59502 TRANSMIT 1 2 02000001000100030202abcd00cc2eeebe744001008c340100
59515 ACK_SUCCESS 1 2 02000001000100030202abcd00cc2eeebe744001008c340100
59520 RECEIVE 0 0 02000001000100030202abcd00cc2eeebe744001008c340100
59616 TRANSMIT 0 1 00010000020001020003558811ff7f0000be40400000000000
59645 ACK_SUCCESS 0 1 00010000020001020003558811ff7f0000be40400000000000
59659 RECEIVE 1 3 00010000020001020003558811ff7f0000be40400000000000
59661 ENQUEUE 1 3 00010000020001020003558811ff7f0000be40400000000000
59902 TRANSMIT 1 2 00010000020102020003558811ff7f0000be40400000000000
59920 ACK_SUCCESS 1 2 00010000020102020003558811ff7f0000be40400000000000
59965 RECEIVE 2 2 00010000020102020003558811ff7f0000be40400000000000
60016 TRANSMIT 0 1 00010000020001020103558811ff7f0000be40400000000000
60030 ACK_SUCCESS 0 1 00010000020001020103558811ff7f0000be40400000000000
60096 RECEIVE 1 3 00010000020001020103558811ff7f0000be40400000000000
60098 ENQUEUE 1 3 00010000020001020103558811ff7f0000be40400000000000
60302 TRANSMIT 1 2 00010000020102020103558811ff7f0000be40400000000000
60326 ACK_SUCCESS 1 2 00010000020102020103558811ff7f0000be40400000000000
60382 RECEIVE 2 2 00010000020102020103558811ff7f0000be40400000000000
60701 SEND 1 2 02000001000100030002abcd00cc2eeebe744001008c340100
60703 ENQUEUE 1 2 02000001000100030002abcd00cc2eeebe744001008c340100
60706 ENQUEUE 1 2 02000001000100030102abcd00cc2eeebe744001008c340100
60709 ENQUEUE 1 2 02000001000100030202abcd00cc2eeebe744001008c340100
60916 SEND 0 2 00010000020002020003558811ff7f0000be40400000000000
60918 ENQUEUE 0 2 00010000020002020003558811ff7f0000be40400000000000
60921 ENQUEUE 0 2 00010000020002020103558811ff7f0000be40400000000000
61088 RECEIVE 0 3 02000001000100030002abcd00cc2eeebe744001008c340100
61102 TRANSMIT 1 2 02000001000100030002abcd00cc2eeebe744001008c340100
61121 ACK_SUCCESS 1 2 02000001000100030002abcd00cc2eeebe744001008c340100
61215 TRANSMIT 0 1 00010000020001020003558811ff7f0000be40400000000000
61245 ACK_SUCCESS 0 1 00010000020001020003558811ff7f0000be40400000000000
61297 RECEIVE 1 3 00010000020001020003558811ff7f0000be40400000000000
61299 ENQUEUE 1 3 00010000020001020003558811ff7f0000be40400000000000
61502 TRANSMIT 1 2 00010000020102020003558811ff7f0000be40400000000000
61526 ACK_SUCCESS 1 2 00010000020102020003558811ff7f0000be40400000000000
61580 RECEIVE 2 2 00010000020102020003558811ff7f0000be40400000000000
61617 TRANSMIT 0 1 00010000020001020103558811ff7f0000be40400000000000
61646 ACK_SUCCESS 0 1 00010000020001020103558811ff7f0000be40400000000000
61719 RECEIVE 1 0 00010000020001020103558811ff7f0000be40400000000000
61721 ENQUEUE 1 0 00010000020001020103558811ff7f0000be40400000000000
61902 TRANSMIT 1 2 00010000020102020103558811ff7f0000be40400000000000
61916 ACK_SUCCESS 1 2 00010000020102020103558811ff7f0000be40400000000000
61984 RECEIVE 2 2 00010000020102020103558811ff7f0000be40400000000000
62273 RECEIVE 0 3 02000001000100030102abcd00cc2eeebe744001008c340100
62302 TRANSMIT 1 2 02000001000100030102abcd00cc2eeebe744001008c340100
62318 ACK_SUCCESS 1 2 02000001000100030102abcd00cc2eeebe744001008c340100
62517 SEND 0 2 00010000020002020003558811ff7f0000be40400000000000
62519 ENQUEUE 0 2 00010000020002020003558811ff7f0000be40400000000000
62522 ENQUEUE 0 2 00010000020002020103558811ff7f0000be40400000000000
62702 TRANSMIT 1 2 02000001000100030202abcd00cc2eeebe744001008c340100
62704 RECEIVE 0 3 02000001000100030202abcd00cc2eeebe744001008c340100
62720 ACK_SUCCESS 1 2 02000001000100030202abcd00cc2eeebe744001008c340100
62816 TRANSMIT 0 1 00010000020001020003558811ff7f0000be40400000000000
62845 ACK_SUCCESS 0 1 00010000020001020003558811ff7f0000be40400000000000
62848 RECEIVE 1 3 00010000020001020003558811ff7f0000be40400000000000
62850 ENQUEUE 1 3 00010000020001020003558811ff7f0000be40400000000000
63102 TRANSMIT 1 2 00010000020102020003558811ff7f0000be40400000000000
63123 ACK_SUCCESS 1 2 00010000020102020003558811ff7f0000be40400000000000
63185 RECEIVE 2 2 00010000020102020003558811ff7f0000be40400000000000
63216 TRANSMIT 0 1 00010000020001020103558811ff7f0000be40400000000000
63245 ACK_SUCCESS 0 1 00010000020001020103558811ff7f0000be40400000000000
63265 RECEIVE 1 3 00010000020001020103558811ff7f0000be40400000000000
63267 ENQUEUE 1 3 00010000020001020103558811ff7f0000be40400000000000
63502 TRANSMIT 1 2 00010000020102020103558811ff7f0000be40400000000000
63525 ACK_SUCCESS 1 2 00010000020102020103558811ff7f0000be40400000000000
63587 RECEIVE 2 2 00010000020102020103558811ff7f0000be40400000000000
63901 SEND 1 2 02000001000100030002abcd00cc2eeebe744001008c340100
63903 ENQUEUE 1 2 02000001000100030002abcd00cc2eeebe744001008c340100
63906 ENQUEUE 1 2 02000001000100030102abcd00cc2eeebe744001008c340100
63909 ENQUEUE 1 2 02000001000100030202abcd00cc2eeebe744001008c340100
64116 SEND 0 2 00010000020002020003558811ff7f0000be40400000000000
64118 ENQUEUE 0 2 00010000020002020003558811ff7f0000be40400000000000
64121 ENQUEUE 0 2 00010000020002020103558811ff7f0000be40400000000000
64288 RECEIVE 0 3 02000001000100030002abcd00cc2eeebe744001008c340100
64302 TRANSMIT 1 2 02000001000100030002abcd00cc2eeebe744001008c340100
64321 ACK_SUCCESS 1 2 02000001000100030002abcd00cc2eeebe744001008c340100
64415 TRANSMIT 0 1 00010000020001020003558811ff7f0000be40400000000000
64444 ACK_SUCCESS 0 1 00010000020001020003558811ff7f0000be40400000000000
64496 RECEIVE 1 3 00010000020001020003558811ff7f0000be40400000000000
64498 ENQUEUE 1 3 00010000020001020003558811ff7f0000be40400000000000
64702 TRANSMIT 1 2 00010000020102020003558811ff7f0000be40400000000000
64725 ACK_SUCCESS 1 2 00010000020102020003558811ff7f0000be40400000000000
64788 RECEIVE 2 2 00010000020102020003558811ff7f0000be40400000000000
64815 TRANSMIT 0 1 00010000020001020103558811ff7f0000be40400000000000
64845 ACK_SUCCESS 0 1 00010000020001020103558811ff7f0000be40400000000000
64886 RECEIVE 1 3 00010000020001020103558811ff7f0000be40400000000000
64888 ENQUEUE 1 3 00010000020001020103558811ff7f0000be40400000000000
65102 TRANSMIT 1 2 00010000020102020103558811ff7f0000be40400000000000
65115 ACK_SUCCESS 1 2 00010000020102020103558811ff7f0000be40400000000000
65187 RECEIVE 2 2 00010000020102020103558811ff7f0000be40400000000000
65488 RECEIVE 0 3 02000001000100030102abcd00cc2eeebe744001008c340100
65502 TRANSMIT 1 2 02000001000100030102abcd00cc2eeebe744001008c340100
65517 ACK_SUCCESS 1 2 02000001000100030102abcd00cc2eeebe744001008c340100
65717 SEND 0 2 00010000020002020003558811ff7f0000be40400000000000
65719 ENQUEUE 0 2 00010000020002020003558811ff7f0000be40400000000000
65722 ENQUEUE 0 2 00010000020002020103558811ff7f0000be40400000000000
65873 RECEIVE 0 3 02000001000100030202abcd00cc2eeebe744001008c340100
65902 TRANSMIT 1 2 02000001000100030202abcd00cc2eeebe744001008c340100
65919 ACK_SUCCESS 1 2 02000001000100030202abcd00cc2eeebe744001008c340100
66016 TRANSMIT 0 1 00010000020001020003558811ff7f0000be40400000000000
66029 ACK_SUCCESS 0 1 00010000020001020003558811ff7f0000be40400000000000
66080 RECEIVE 1 3 00010000020001020003558811ff7f0000be40400000000000
66082 ENQUEUE 1 3 00010000020001020003558811ff7f0000be40400000000000
66302 TRANSMIT 1 2 00010000020102020003558811ff7f0000be40400000000000
66324 ACK_SUCCESS 1 2 00010000020102020003558811ff7f0000be40400000000000
66389 RECEIVE 2 2 00010000020102020003558811ff7f0000be40400000000000
66415 TRANSMIT 0 1 00010000020001020103558811ff7f0000be40400000000000
66444 ACK_SUCCESS 0 1 00010000020001020103558811ff7f0000be40400000000000
66485 RECEIVE 1 3 00010000020001020103558811ff7f0000be40400000000000
66487 ENQUEUE 1 3 00010000020001020103558811ff7f0000be40400000000000
66702 TRANSMIT 1 2 00010000020102020103558811ff7f0000be40400000000000
66730 ACK_SUCCESS 1 2 00010000020102020103558811ff7f0000be40400000000000
66791 RECEIVE 2 2 00010000020102020103558811ff7f0000be40400000000000
67101 SEND 1 2 02000001000100030002abcd00cc2eeebe744001008c340100
67103 ENQUEUE 1 2 02000001000100030002abcd00cc2eeebe744001008c340100
67106 ENQUEUE 1 2 02000001000100030102abcd00cc2eeebe744001008c340100
67109 ENQUEUE 1 2 02000001000100030202abcd00cc2eeebe744001008c340100
67316 SEND 0 2 00010000020002020003558811ff7f0000be40400000000000
67318 ENQUEUE 0 2 00010000020002020003558811ff7f0000be40400000000000
67321 ENQUEUE 0 2 00010000020002020103558811ff7f0000be40400000000000
67488 RECEIVE 0 3 02000001000100030002abcd00cc2eeebe744001008c340100
67502 TRANSMIT 1 2 02000001000100030002abcd00cc2eeebe744001008c340100
67524 ACK_SUCCESS 1 2 02000001000100030002abcd00cc2eeebe744001008c340100
67615 TRANSMIT 0 1 00010000020001020003558811ff7f0000be40400000000000
67644 ACK_SUCCESS 0 1 00010000020001020003558811ff7f0000be40400000000000
67684 RECEIVE 1 3 00010000020001020003558811ff7f0000be40400000000000
67686 ENQUEUE 1 3 00010000020001020003558811ff7f0000be40400000000000
67902 TRANSMIT 1 2 00010000020102020003558811ff7f0000be40400000000000
67929 ACK_SUCCESS 1 2 00010000020102020003558811ff7f0000be40400000000000
67991 RECEIVE 2 2 00010000020102020003558811ff7f0000be40400000000000
68015 TRANSMIT 0 1 00010000020001020103558811ff7f0000be40400000000000
68029 ACK_SUCCESS 0 1 00010000020001020103558811ff7f0000be40400000000000
68089 RECEIVE 1 3 00010000020001020103558811ff7f0000be40400000000000
68091 ENQUEUE 1 3 00010000020001020103558811ff7f0000be40400000000000
68302 TRANSMIT 1 2 00010000020102020103558811ff7f0000be40400000000000
68318 ACK_SUCCESS 1 2 00010000020102020103558811ff7f0000be40400000000000
68377 RECEIVE 2 2 00010000020102020103558811ff7f0000be40400000000000
68673 RECEIVE 0 3 02000001000100030102abcd00cc2eeebe744001008c340100
68702 TRANSMIT 1 2 02000001000100030102abcd00cc2eeebe744001008c340100
68721 ACK_SUCCESS 1 2 02000001000100030102abcd00cc2eeebe744001008c340100
68917 SEND 0 2 00010000020002020003558811ff7f0000be40400000000000
68919 ENQUEUE 0 2 00010000020002020003558811ff7f0000be40400000000000
68922 ENQUEUE 0 2 00010000020002020103558811ff7f0000be40400000000000
69102 TRANSMIT 1 2 02000001000100030202abcd00cc2eeebe744001008c340100
69105 RECEIVE 0 3 02000001000100030202abcd00cc2eeebe744001008c340100
69119 ACK_SUCCESS 1 2 02000001000100030202abcd00cc2eeebe744001008c340100
69216 TRANSMIT 0 1 00010000020001020003558811ff7f0000be40400000000000
69245 ACK_SUCCESS 0 1 00010000020001020003558811ff7f0000be40400000000000
69280 RECEIVE 1 3 00010000020001020003558811ff7f0000be40400000000000
69282 ENQUEUE 1 3 00010000020001020003558811ff7f0000be40400000000000
69502 TRANSMIT 1 2 00010000020102020003558811ff7f0000be40400000000000
69526 ACK_SUCCESS 1 2 00010000020102020003558811ff7f0000be40400000000000
69593 RECEIVE 2 2 00010000020102020003558811ff7f0000be40400000000000
69718 RECEIVE 1 0 00010000020001020103558811ff7f0000be40400000000000
69720 ENQUEUE 1 0 00010000020001020103558811ff7f0000be40400000000000
69902 TRANSMIT 1 2 00010000020102020103558811ff7f0000be40400000000000
69930 ACK_SUCCESS 1 2 00010000020102020103558811ff7f0000be40400000000000
69995 RECEIVE 2 2 00010000020102020103558811ff7f0000be40400000000000
70301 SEND 1 2 02000001000100030002abcd00cc2eeebe744001008c340100
70303 ENQUEUE 1 2 02000001000100030002abcd00cc2eeebe744001008c340100
70306 ENQUEUE 1 2 02000001000100030102abcd00cc2eeebe744001008c340100
70309 ENQUEUE 1 2 02000001000100030202abcd00cc2eeebe744001008c340100
